{
  "RSpec": {
    "coverage": {
      "/Users/jaredgray/Desktop/yelp-tutorial/config/environment.rb": [
        null,
        1,
        null,
        null,
        1
      ],
      "/Users/jaredgray/Desktop/yelp-tutorial/config/application.rb": [
        1,
        null,
        1,
        null,
        1,
        1,
        1,
        1,
        1,
        1,
        1,
        null,
        null,
        null,
        null,
        1,
        null,
        1,
        1,
        null,
        null,
        null,
        null,
        null,
        null,
        null,
        null,
        null,
        null,
        null,
        null,
        null,
        1,
        null,
        null
      ],
      "/Users/jaredgray/Desktop/yelp-tutorial/config/boot.rb": [
        1,
        null,
        1
      ],
      "/Users/jaredgray/Desktop/yelp-tutorial/config/environments/test.rb": [
        1,
        null,
        null,
        null,
        null,
        null,
        null,
        1,
        null,
        null,
        null,
        null,
        1,
        null,
        null,
        1,
        1,
        null,
        null,
        1,
        1,
        null,
        null,
        1,
        null,
        null,
        1,
        null,
        null,
        null,
        null,
        1,
        null,
        null,
        1,
        null,
        null,
        1,
        null,
        null,
        null,
        null
      ],
      "/Users/jaredgray/Desktop/yelp-tutorial/config/initializers/assets.rb": [
        null,
        null,
        null,
        1,
        null,
        null,
        null,
        null,
        null,
        null,
        null
      ],
      "/Users/jaredgray/Desktop/yelp-tutorial/config/initializers/backtrace_silencers.rb": [
        null,
        null,
        null,
        null,
        null,
        null,
        null
      ],
      "/Users/jaredgray/Desktop/yelp-tutorial/config/initializers/cookies_serializer.rb": [
        null,
        null,
        1
      ],
      "/Users/jaredgray/Desktop/yelp-tutorial/config/initializers/filter_parameter_logging.rb": [
        null,
        null,
        null,
        1
      ],
      "/Users/jaredgray/Desktop/yelp-tutorial/config/initializers/inflections.rb": [
        null,
        null,
        null,
        null,
        null,
        null,
        null,
        null,
        null,
        null,
        null,
        null,
        null,
        null,
        null,
        null
      ],
      "/Users/jaredgray/Desktop/yelp-tutorial/config/initializers/mime_types.rb": [
        null,
        null,
        null,
        null
      ],
      "/Users/jaredgray/Desktop/yelp-tutorial/config/initializers/session_store.rb": [
        null,
        null,
        1
      ],
      "/Users/jaredgray/Desktop/yelp-tutorial/config/initializers/wrap_parameters.rb": [
        null,
        null,
        null,
        null,
        null,
        null,
        1,
        1,
        null,
        null,
        null,
        null,
        null,
        null
      ],
      "/Users/jaredgray/Desktop/yelp-tutorial/config/initializers/yelp.rb": [
        1,
        null,
        1,
        1,
        1,
        1,
        1,
        null
      ],
      "/Users/jaredgray/Desktop/yelp-tutorial/config/routes.rb": [
        1,
        1,
        null
      ],
      "/Users/jaredgray/Desktop/yelp-tutorial/app/helpers/application_helper.rb": [
        1,
        null
      ],
      "/Users/jaredgray/Desktop/yelp-tutorial/app/helpers/welcome_helper.rb": [
        1,
        null
      ],
      "/Users/jaredgray/Desktop/yelp-tutorial/app/controllers/welcome_controller.rb": [
        1,
        1,
        4,
        2,
        2,
        null,
        null,
        null
      ],
      "/Users/jaredgray/Desktop/yelp-tutorial/app/controllers/application_controller.rb": [
        1,
        null,
        null,
        1,
        null
      ]
    },
    "timestamp": 1454872022
  }
}
